<?xml version="1.0" encoding="UTF-8"?>
<testsuite xmlns:xsi="http://www.w3.org/2001/XMLSchema-instance" xsi:noNamespaceSchemaLocation="https://maven.apache.org/surefire/maven-surefire-plugin/xsd/surefire-test-report-3.0.xsd" version="3.0" name="com.baby.core.test.CreateAccountTest" time="2.189" tests="3" errors="0" skipped="0" failures="0">
  <properties>
[...]
</properties>
  <testcase name="testCreateAccount_ExistingAccount_Failure" classname="com.baby.core.test.CreateAccountTest" time="0.037">
    <system-out><![CDATA[Failed to create account with username 'existinguser'.
]]></system-out>
    <system-err><![CDATA[SLF4J: Failed to load class "org.slf4j.impl.StaticLoggerBinder".
SLF4J: Defaulting to no-operation (NOP) logger implementation
SLF4J: See http://www.slf4j.org/codes.html#StaticLoggerBinder for further details.
WARNING: A Java agent has been loaded dynamically (C:\Users\ADMIN\.m2\repository\net\bytebuddy\byte-buddy-agent\1.14.12\byte-buddy-agent-1.14.12.jar)
WARNING: If a serviceability tool is in use, please run with -XX:+EnableDynamicAgentLoading to hide this warning
WARNING: If a serviceability tool is not in use, please run with -Djdk.instrument.traceUsage for more information
WARNING: Dynamic loading of agents will be disallowed by default in a future release
]]></system-err>
  </testcase>
  <testcase name="testCreateAccount_InvalidInfo_Failure" classname="com.baby.core.test.CreateAccountTest" time="0.001">
    <system-out><![CDATA[Failed to create account with username ''.
]]></system-out>
  </testcase>
  <testcase name="testCreateAccount_ValidInfo_Success" classname="com.baby.core.test.CreateAccountTest" time="0.006">
    <system-out><![CDATA[Account with username 'testuser' created successfully.
]]></system-out>
  </testcase>
</testsuite>