<?xml version="1.0" encoding="UTF-8"?>
<testng-results ignored="0" total="3" passed="3" failed="0" skipped="0">
  <reporter-output>
  </reporter-output>
  <suite started-at="2024-06-14T14:30:12 ICT" name="Surefire suite" finished-at="2024-06-14T14:30:12 ICT" duration-ms="104">
    <groups>
    </groups>
    <test started-at="2024-06-14T14:30:12 ICT" name="Surefire test" finished-at="2024-06-14T14:30:12 ICT" duration-ms="104">
      <class name="com.baby.core.test.CreateAccountTest">
        <test-method signature="testCreateAccount_ExistingAccount_Failure()[pri:0, instance:com.baby.core.test.CreateAccountTest@3546d80f]" started-at="2024-06-14T14:30:12 ICT" name="testCreateAccount_ExistingAccount_Failure" finished-at="2024-06-14T14:30:12 ICT" duration-ms="38" status="PASS">
          <reporter-output>
          </reporter-output>
        </test-method> <!-- testCreateAccount_ExistingAccount_Failure -->
        <test-method signature="testCreateAccount_InvalidInfo_Failure()[pri:0, instance:com.baby.core.test.CreateAccountTest@3546d80f]" started-at="2024-06-14T14:30:12 ICT" name="testCreateAccount_InvalidInfo_Failure" finished-at="2024-06-14T14:30:12 ICT" duration-ms="2" status="PASS">
          <reporter-output>
          </reporter-output>
        </test-method> <!-- testCreateAccount_InvalidInfo_Failure -->
        <test-method signature="testCreateAccount_ValidInfo_Success()[pri:0, instance:com.baby.core.test.CreateAccountTest@3546d80f]" started-at="2024-06-14T14:30:12 ICT" name="testCreateAccount_ValidInfo_Success" finished-at="2024-06-14T14:30:12 ICT" duration-ms="6" status="PASS">
          <reporter-output>
          </reporter-output>
        </test-method> <!-- testCreateAccount_ValidInfo_Success -->
      </class> <!-- com.baby.core.test.CreateAccountTest -->
    </test> <!-- Surefire test -->
  </suite> <!-- Surefire suite -->
</testng-results>
